<?xml version="1.0" encoding="UTF-8"?>
<!-- Generated by org.testng.reporters.JUnitReportReporter -->
<testsuite skipped="0" hostname="DESKTOP-N6I0BOF" name="ae.tajawal.flightbooking.runner.TestRunner" tests="1" failures="0" timestamp="21 Jun 2019 18:53:55 GMT" time="57.937" errors="0">
  <testcase name="feature" time="57.937" classname="ae.tajawal.flightbooking.runner.TestRunner"/>
</testsuite> <!-- ae.tajawal.flightbooking.runner.TestRunner -->
