<?xml version="1.0" encoding="UTF-8"?>
<!-- Generated by org.testng.reporters.JUnitReportReporter -->
<testsuite skipped="0" hostname="DESKTOP-N6I0BOF" name="ae.tajawal.flightbooking.runner.TestRunner" tests="2" failures="0" timestamp="21 Jun 2019 21:52:07 GMT" time="240.336" errors="0">
  <testcase name="feature" time="68.327" classname="ae.tajawal.flightbooking.runner.TestRunner"/>
  <testcase name="feature" time="172.009" classname="ae.tajawal.flightbooking.runner.TestRunner"/>
</testsuite> <!-- ae.tajawal.flightbooking.runner.TestRunner -->
