<?xml version="1.0" encoding="UTF-8"?>
<!-- Generated by org.testng.reporters.JUnitReportReporter -->
<testsuite skipped="0" hostname="DESKTOP-N6I0BOF" name="ae.tajawal.flightbooking.runner.TestRunner" tests="2" failures="0" timestamp="21 Jun 2019 22:49:47 GMT" time="154.066" errors="0">
  <testcase name="feature" time="86.810" classname="ae.tajawal.flightbooking.runner.TestRunner"/>
  <testcase name="feature" time="67.256" classname="ae.tajawal.flightbooking.runner.TestRunner"/>
</testsuite> <!-- ae.tajawal.flightbooking.runner.TestRunner -->
